<?xml version="1.0" encoding="UTF-8" ?>
<testsuite failures="0" time="0.147" errors="0" skipped="0" tests="25" name="au.com.bytecode.opencsv.CSVWriterTest">
  <properties>
[...]
</properties>
  <testcase time="0" classname="au.com.bytecode.opencsv.CSVWriterTest" name="testWriteAll"/>
  <testcase time="0" classname="au.com.bytecode.opencsv.CSVWriterTest" name="correctlyParserNullObject"/>
  <testcase time="0" classname="au.com.bytecode.opencsv.CSVWriterTest" name="correctlyParseNullString"/>
  <testcase time="0" classname="au.com.bytecode.opencsv.CSVWriterTest" name="testSpecialCharacters"/>
  <testcase time="0" classname="au.com.bytecode.opencsv.CSVWriterTest" name="testParseLineWithNoEscapeChar"/>
  <testcase time="0" classname="au.com.bytecode.opencsv.CSVWriterTest" name="testWriteAllObjects"/>
  <testcase time="0" classname="au.com.bytecode.opencsv.CSVWriterTest" name="testNoQuoteChars"/>
  <testcase time="0" classname="au.com.bytecode.opencsv.CSVWriterTest" name="testIntelligentQuotes"/>
  <testcase time="0" classname="au.com.bytecode.opencsv.CSVWriterTest" name="testNullValues"/>
  <testcase time="0.001" classname="au.com.bytecode.opencsv.CSVWriterTest" name="testStreamFlushing"/>
  <testcase time="0.001" classname="au.com.bytecode.opencsv.CSVWriterTest" name="flushWillThrowIOException"/>
  <testcase time="0" classname="au.com.bytecode.opencsv.CSVWriterTest" name="testAlternateEscapeChar"/>
  <testcase time="0" classname="au.com.bytecode.opencsv.CSVWriterTest" name="testNoQuotingNoEscaping"/>
  <testcase time="0.034" classname="au.com.bytecode.opencsv.CSVWriterTest" name="testNestedQuotes"/>
  <testcase time="0" classname="au.com.bytecode.opencsv.CSVWriterTest" name="testAlternateLineFeeds"/>
  <testcase time="0.075" classname="au.com.bytecode.opencsv.CSVWriterTest" name="testResultSetWithHeaders"/>
  <testcase time="0.004" classname="au.com.bytecode.opencsv.CSVWriterTest" name="testResultSetWithoutHeaders"/>
  <testcase time="0.006" classname="au.com.bytecode.opencsv.CSVWriterTest" name="testResultSetTrim"/>
  <testcase time="0" classname="au.com.bytecode.opencsv.CSVWriterTest" name="parseLineWithBothEscapeAndQuoteChar"/>
  <testcase time="0" classname="au.com.bytecode.opencsv.CSVWriterTest" name="parseLineWithNoEscapeCharAndQuotes"/>
  <testcase time="0" classname="au.com.bytecode.opencsv.CSVWriterTest" name="testNoQuoteCharsAndNoEscapeChars"/>
  <testcase time="0" classname="au.com.bytecode.opencsv.CSVWriterTest" name="flushQuietlyWillNotThrowException"/>
  <testcase time="0.008" classname="au.com.bytecode.opencsv.CSVWriterTest" name="testMultiLineResultSetWithHeaders"/>
  <testcase time="0.007" classname="au.com.bytecode.opencsv.CSVWriterTest" name="testMultiLineResultSetWithoutHeaders"/>
  <testcase time="0" classname="au.com.bytecode.opencsv.CSVWriterTest" name="testParseLine"/>
</testsuite>